<?xml version="1.0" encoding="UTF-8"?>
<testng-results skipped="0" failed="0" ignored="0" total="1" passed="1">
  <reporter-output>
  </reporter-output>
  <suite name="Default suite" duration-ms="3185" started-at="2022-06-13T17:00:36Z" finished-at="2022-06-13T17:00:39Z">
    <groups>
    </groups>
    <test name="Default test" duration-ms="3185" started-at="2022-06-13T17:00:36Z" finished-at="2022-06-13T17:00:39Z">
      <class name="tests.TestsGetRequests">
        <test-method status="PASS" signature="runTests()[pri:0, instance:tests.TestsGetRequests@457e2f02]" name="runTests" duration-ms="3166" started-at="2022-06-13T17:00:36Z" finished-at="2022-06-13T17:00:39Z">
          <reporter-output>
          </reporter-output>
        </test-method> <!-- runTests -->
      </class> <!-- tests.TestsGetRequests -->
    </test> <!-- Default test -->
  </suite> <!-- Default suite -->
</testng-results>
